<?xml version="1.0" encoding="UTF-8" ?>
<testsuite errors="0" failures="0" hostname="dhcp-213-158.vpn.tu-berlin.de" name="de.tuberlin.sese.swtpp.gameserver.test.lasca.LascaGameTest" skipped="0" tests="12" time="0.221" timestamp="2017-01-29T23:27:03">
  <properties>
[...]
</properties>
  <testcase classname="de.tuberlin.sese.swtpp.gameserver.test.lasca.LascaGameTest" name="testGetMaxPlayers" time="0.013" />
  <testcase classname="de.tuberlin.sese.swtpp.gameserver.test.lasca.LascaGameTest" name="testGiveUpBlack" time="0.002" />
  <testcase classname="de.tuberlin.sese.swtpp.gameserver.test.lasca.LascaGameTest" name="testError" time="0.002" />
  <testcase classname="de.tuberlin.sese.swtpp.gameserver.test.lasca.LascaGameTest" name="testWaitingGame" time="0.003" />
  <testcase classname="de.tuberlin.sese.swtpp.gameserver.test.lasca.LascaGameTest" name="testCallDrawBlack" time="0.109" />
  <testcase classname="de.tuberlin.sese.swtpp.gameserver.test.lasca.LascaGameTest" name="testGetMinPlayers" time="0.002" />
  <testcase classname="de.tuberlin.sese.swtpp.gameserver.test.lasca.LascaGameTest" name="testCallDraw" time="0.002" />
  <testcase classname="de.tuberlin.sese.swtpp.gameserver.test.lasca.LascaGameTest" name="testFinishBlack" time="0.002" />
  <testcase classname="de.tuberlin.sese.swtpp.gameserver.test.lasca.LascaGameTest" name="testSetNextPlayer" time="0.001" />
  <testcase classname="de.tuberlin.sese.swtpp.gameserver.test.lasca.LascaGameTest" name="testFinish" time="0.003" />
  <testcase classname="de.tuberlin.sese.swtpp.gameserver.test.lasca.LascaGameTest" name="testGiveUp" time="0.001" />
  <testcase classname="de.tuberlin.sese.swtpp.gameserver.test.lasca.LascaGameTest" name="testGameStarted" time="0.001" />
  <system-out><![CDATA[Current board: 




[b][-][b][-][b][-][b]

[-][b][-][b][-][b][-]

[b][-][b][-][b][-][b]

[-][][-][][-][][-]

[w][-][w][-][w][-][w]

[-][w][-][w][-][w][-]

[w][-][w][-][w][-][w]


 ------------------------------- 


Current board: 




[b][-][b][-][b][-][b]

[-][b][-][b][-][b][-]

[b][-][b][-][b][-][b]

[-][][-][][-][][-]

[w][-][w][-][w][-][w]

[-][w][-][w][-][w][-]

[w][-][w][-][w][-][w]


 ------------------------------- 


Current board: 




[b][-][b][-][b][-][b]

[-][b][-][b][-][b][-]

[b][-][b][-][b][-][b]

[-][][-][][-][][-]

[w][-][w][-][w][-][w]

[-][w][-][w][-][w][-]

[w][-][w][-][w][-][w]


 ------------------------------- 


Current board: 




[b][-][b][-][b][-][b]

[-][b][-][b][-][b][-]

[b][-][b][-][b][-][b]

[-][][-][][-][][-]

[w][-][w][-][w][-][w]

[-][w][-][w][-][w][-]

[w][-][w][-][w][-][w]


 ------------------------------- 


Current board: 




[b][-][b][-][b][-][b]

[-][b][-][b][-][b][-]

[b][-][b][-][b][-][b]

[-][][-][][-][][-]

[w][-][w][-][w][-][w]

[-][w][-][w][-][w][-]

[w][-][w][-][w][-][w]


 ------------------------------- 


Current board: 




[b][-][b][-][b][-][b]

[-][b][-][b][-][b][-]

[b][-][b][-][b][-][b]

[-][][-][][-][][-]

[w][-][w][-][w][-][w]

[-][w][-][w][-][w][-]

[w][-][w][-][w][-][w]


 ------------------------------- 


Current board: 




[b][-][b][-][b][-][b]

[-][b][-][b][-][b][-]

[b][-][b][-][b][-][b]

[-][][-][][-][][-]

[w][-][w][-][w][-][w]

[-][w][-][w][-][w][-]

[w][-][w][-][w][-][w]


 ------------------------------- 


Current board: 




[b][-][b][-][b][-][b]

[-][b][-][b][-][b][-]

[b][-][b][-][b][-][b]

[-][][-][][-][][-]

[w][-][w][-][w][-][w]

[-][w][-][w][-][w][-]

[w][-][w][-][w][-][w]


 ------------------------------- 


Current board: 




[b][-][b][-][b][-][b]

[-][b][-][b][-][b][-]

[b][-][b][-][b][-][b]

[-][][-][][-][][-]

[w][-][w][-][w][-][w]

[-][w][-][w][-][w][-]

[w][-][w][-][w][-][w]


 ------------------------------- 


Current board: 




[b][-][b][-][b][-][b]

[-][b][-][b][-][b][-]

[b][-][b][-][b][-][b]

[-][][-][][-][][-]

[w][-][w][-][w][-][w]

[-][w][-][w][-][w][-]

[w][-][w][-][w][-][w]


 ------------------------------- 


Current board: 




[b][-][b][-][b][-][b]

[-][b][-][b][-][b][-]

[b][-][b][-][b][-][b]

[-][][-][][-][][-]

[w][-][w][-][w][-][w]

[-][w][-][w][-][w][-]

[w][-][w][-][w][-][w]


 ------------------------------- 


Current board: 




[b][-][b][-][b][-][b]

[-][b][-][b][-][b][-]

[b][-][b][-][b][-][b]

[-][][-][][-][][-]

[w][-][w][-][w][-][w]

[-][w][-][w][-][w][-]

[w][-][w][-][w][-][w]


 ------------------------------- 


]]></system-out>
  <system-err><![CDATA[]]></system-err>
</testsuite>
